<?xml version="1.0" encoding="UTF-8"?>
<!-- Generated by org.testng.reporters.JUnitXMLReporter -->
<testsuite ignored="1" hostname="DESKTOP-R2SNQHJ" failures="0" tests="1" name="Default test" time="12.063" errors="0" timestamp="2023-12-29T11:54:48 IST">
  <testcase classname="testscripts.reportTest" name="reportTest1" time="5.258"/>
  <testcase classname="testscripts.reportTest" name="reportTest2" time="0.0">
    <ignored/>
  </testcase> <!-- reportTest2 -->
</testsuite> <!-- Default test -->
