<?xml version="1.0" encoding="UTF-8"?>
<testng-results ignored="0" total="1" passed="1" failed="0" skipped="0">
  <reporter-output>
    <line>
      <![CDATA[connect to datebase]]>
    </line>
    <line>
      <![CDATA[before test]]>
    </line>
    <line>
      <![CDATA[Before class]]>
    </line>
    <line>
      <![CDATA[Login]]>
    </line>
    <line>
      <![CDATA[Log out]]>
    </line>
    <line>
      <![CDATA[After class]]>
    </line>
    <line>
      <![CDATA[After test]]>
    </line>
    <line>
      <![CDATA[Close connection to database]]>
    </line>
  </reporter-output>
  <suite started-at="2023-12-29T11:54:36 IST" name="Default suite" finished-at="2023-12-29T11:54:48 IST" duration-ms="12063">
    <groups>
    </groups>
    <test started-at="2023-12-29T11:54:36 IST" name="Default test" finished-at="2023-12-29T11:54:48 IST" duration-ms="12063">
      <class name="testscripts.reportTest">
        <test-method is-config="true" signature="beforeSuite()[pri:0, instance:testscripts.reportTest@66d3eec0]" started-at="2023-12-29T11:54:36 IST" name="beforeSuite" finished-at="2023-12-29T11:54:36 IST" duration-ms="9" status="PASS">
          <reporter-output>
            <line>
              <![CDATA[connect to datebase]]>
            </line>
          </reporter-output>
        </test-method> <!-- beforeSuite -->
        <test-method is-config="true" signature="beforeTest()[pri:0, instance:testscripts.reportTest@66d3eec0]" started-at="2023-12-29T11:54:36 IST" name="beforeTest" finished-at="2023-12-29T11:54:36 IST" duration-ms="1" status="PASS">
          <reporter-output>
            <line>
              <![CDATA[before test]]>
            </line>
          </reporter-output>
        </test-method> <!-- beforeTest -->
        <test-method is-config="true" signature="beforeclass()[pri:0, instance:testscripts.reportTest@66d3eec0]" started-at="2023-12-29T11:54:36 IST" name="beforeclass" finished-at="2023-12-29T11:54:40 IST" duration-ms="4079" status="PASS">
          <reporter-output>
            <line>
              <![CDATA[Before class]]>
            </line>
          </reporter-output>
        </test-method> <!-- beforeclass -->
        <test-method is-config="true" signature="beforeMethod(java.lang.reflect.Method)[pri:0, instance:testscripts.reportTest@66d3eec0]" started-at="2023-12-29T11:54:40 IST" name="beforeMethod" finished-at="2023-12-29T11:54:42 IST" duration-ms="1592" status="PASS">
          <params>
            <param index="0">
              <value>
                <![CDATA[public void testscripts.reportTest.reportTest1()]]>
              </value>
            </param>
          </params>
          <reporter-output>
            <line>
              <![CDATA[Login]]>
            </line>
          </reporter-output>
        </test-method> <!-- beforeMethod -->
        <test-method signature="reportTest1()[pri:0, instance:testscripts.reportTest@66d3eec0]" started-at="2023-12-29T11:54:42 IST" name="reportTest1" finished-at="2023-12-29T11:54:47 IST" duration-ms="5258" status="PASS">
          <reporter-output>
          </reporter-output>
        </test-method> <!-- reportTest1 -->
        <test-method is-config="true" signature="aftermethod()[pri:0, instance:testscripts.reportTest@66d3eec0]" started-at="2023-12-29T11:54:47 IST" name="aftermethod" finished-at="2023-12-29T11:54:48 IST" duration-ms="897" status="PASS">
          <reporter-output>
            <line>
              <![CDATA[Log out]]>
            </line>
          </reporter-output>
        </test-method> <!-- aftermethod -->
        <test-method is-config="true" signature="afterclass()[pri:0, instance:testscripts.reportTest@66d3eec0]" started-at="2023-12-29T11:54:48 IST" name="afterclass" finished-at="2023-12-29T11:54:48 IST" duration-ms="208" status="PASS">
          <reporter-output>
            <line>
              <![CDATA[After class]]>
            </line>
          </reporter-output>
        </test-method> <!-- afterclass -->
        <test-method is-config="true" signature="afterTest()[pri:0, instance:testscripts.reportTest@66d3eec0]" started-at="2023-12-29T11:54:48 IST" name="afterTest" finished-at="2023-12-29T11:54:48 IST" duration-ms="0" status="PASS">
          <reporter-output>
            <line>
              <![CDATA[After test]]>
            </line>
          </reporter-output>
        </test-method> <!-- afterTest -->
        <test-method is-config="true" signature="afterSuite()[pri:0, instance:testscripts.reportTest@66d3eec0]" started-at="2023-12-29T11:54:48 IST" name="afterSuite" finished-at="2023-12-29T11:54:49 IST" duration-ms="459" status="PASS">
          <reporter-output>
            <line>
              <![CDATA[Close connection to database]]>
            </line>
          </reporter-output>
        </test-method> <!-- afterSuite -->
      </class> <!-- testscripts.reportTest -->
    </test> <!-- Default test -->
  </suite> <!-- Default suite -->
</testng-results>
